<?xml version="1.0" encoding="UTF-8"?>
<!-- Generated by org.testng.reporters.JUnitXMLReporter -->
<testsuite hostname="Rajesh-kumar4" ignored="1" name="Regression Testing" tests="4" failures="1" timestamp="09 Aug 2018 09:08:36 GMT" time="40.064" errors="0">
  <testcase name="testHomePage" time="9.093" classname="com.FabHotel_MVN_sprint1.HomePageTest"/>
  <testcase name="SearchHotel" time="10.444" classname="com.FabHotel_MVN_sprint1.Search_HotelTest"/>
  <testcase name="TestFilter" time="2.349" classname="com.FabHotel_MVN_sprint1.Hotel_ListPageTest">
    <failure type="java.lang.IndexOutOfBoundsException" message="Index: 2, Size: 1">
      <![CDATA[java.lang.IndexOutOfBoundsException: Index: 2, Size: 1
	at java.util.ArrayList.rangeCheck(ArrayList.java:653)
	at java.util.ArrayList.get(ArrayList.java:429)
	at org.openqa.selenium.support.pagefactory.internal.LocatingElementListHandler.invoke(LocatingElementListHandler.java:39)
	at com.sun.proxy.$Proxy12.get(Unknown Source)
	at pageObject.Hotel_List_Page.clearFilter(Hotel_List_Page.java:84)
	at com.FabHotel_MVN_sprint1.Hotel_ListPageTest.TestFilter(Hotel_ListPageTest.java:24)
... Removed 29 stack frames]]>
    </failure>
  </testcase> <!-- TestFilter -->
  <testcase name="selectHotelFromList" time="0.001" classname="com.FabHotel_MVN_sprint1.Hotel_ListPageTest"/>
  <testcase name="@BeforeTest launchBrowser" time="0.0" classname="testBase.TestBase">
    <ignored/>
  </testcase> <!-- @BeforeTest launchBrowser -->
</testsuite> <!-- Regression Testing -->
